[09-Nov-2021 09:51:07] NOTICE: fpm is running, pid 20250
[09-Nov-2021 09:51:07] NOTICE: ready to handle connections
[09-Nov-2021 10:06:13] NOTICE: Terminating ...
[09-Nov-2021 10:06:13] NOTICE: Terminating ...
[09-Nov-2021 10:06:13] NOTICE: exiting, bye-bye!
[12-Nov-2021 15:11:58] NOTICE: fpm is running, pid 53751
[12-Nov-2021 15:11:58] NOTICE: ready to handle connections
[27-Nov-2021 17:59:16] NOTICE: Terminating ...
[27-Nov-2021 17:59:16] NOTICE: Terminating ...
[27-Nov-2021 17:59:16] NOTICE: exiting, bye-bye!
[27-Nov-2021 17:59:48] NOTICE: fpm is running, pid 95123
[27-Nov-2021 17:59:48] NOTICE: ready to handle connections
[30-Nov-2021 13:38:12] NOTICE: Terminating ...
[30-Nov-2021 13:38:12] NOTICE: Terminating ...
[30-Nov-2021 13:38:12] NOTICE: exiting, bye-bye!
[30-Nov-2021 13:38:24] NOTICE: fpm is running, pid 90714
[30-Nov-2021 13:38:24] NOTICE: ready to handle connections
[30-Nov-2021 13:38:34] NOTICE: Terminating ...
[30-Nov-2021 13:38:34] NOTICE: Terminating ...
[30-Nov-2021 13:38:34] NOTICE: exiting, bye-bye!
[30-Nov-2021 13:38:42] NOTICE: fpm is running, pid 90750
[30-Nov-2021 13:38:42] NOTICE: ready to handle connections
[03-Dec-2021 12:31:45] NOTICE: fpm is running, pid 26538
[03-Dec-2021 12:31:45] NOTICE: ready to handle connections
